  aes.c
  main.c
C:\Users\jackm\Desktop\malDev\tiny_aes_implementation\main.c(24,9): warning C4047: 'initializing': 'SIZE_T' differs in levels of indirection from 'void *'
C:\Users\jackm\Desktop\malDev\tiny_aes_implementation\main.c(62,53): error C2143: syntax error: missing ';' before '{'
C:\Users\jackm\Desktop\malDev\tiny_aes_implementation\main.c(63,27): error C2065: 'sSize': undeclared identifier
C:\Users\jackm\Desktop\malDev\tiny_aes_implementation\main.c(64,8): error C2065: 'pByte': undeclared identifier
C:\Users\jackm\Desktop\malDev\tiny_aes_implementation\main.c(64,10): error C2109: subscript requires array or pointer type
C:\Users\jackm\Desktop\malDev\tiny_aes_implementation\main.c(68,12): error C2143: syntax error: missing ';' before '{'
C:\Users\jackm\Desktop\malDev\tiny_aes_implementation\main.c(77,8): warning C4013: 'time' undefined; assuming extern returning int
C:\Users\jackm\Desktop\malDev\tiny_aes_implementation\main.c(114,10): warning C4098: 'PrintHexData': 'void' function returning a value
C:\Users\jackm\Desktop\malDev\tiny_aes_implementation\main.c(44): fatal  error C1075: '{': no matching token found
  Generating Code...
